Requirement already satisfied: fastapi in c:\users\bruno\desktop\coreflowfit\venv\lib\site-packages (from -r requirements.txt (line 1)) (0.121.3)
Requirement already satisfied: psycopg2-binary in c:\users\bruno\desktop\coreflowfit\venv\lib\site-packages (from -r requirements.txt (line 3)) (2.9.11)
Requirement already satisfied: python-dotenv in c:\users\bruno\desktop\coreflowfit\venv\lib\site-packages (from -r requirements.txt (line 4)) (1.2.1)
Requirement already satisfied: PyJWT in c:\users\bruno\desktop\coreflowfit\venv\lib\site-packages (from -r requirements.txt (line 5)) (2.10.1)
Requirement already satisfied: python-multipart in c:\users\bruno\desktop\coreflowfit\venv\lib\site-packages (from -r requirements.txt (line 7)) (0.0.20)
Requirement already satisfied: Jinja2 in c:\users\bruno\desktop\coreflowfit\venv\lib\site-packages (from -r requirements.txt (line 8)) (3.1.6)
Requirement already satisfied: requests in c:\users\bruno\desktop\coreflowfit\venv\lib\site-packages (from -r requirements.txt (line 9)) (2.32.5)
Requirement already satisfied: aiohttp in c:\users\bruno\desktop\coreflowfit\venv\lib\site-packages (from -r requirements.txt (line 10)) (3.13.2)
Requirement already satisfied: typing-extensions in c:\users\bruno\desktop\coreflowfit\venv\lib\site-packages (from -r requirements.txt (line 11)) (4.15.0)
Requirement already satisfied: scikit-learn in c:\users\bruno\desktop\coreflowfit\venv\lib\site-packages (from -r requirements.txt (line 12)) (1.7.2)
Requirement already satisfied: scipy in c:\users\bruno\desktop\coreflowfit\venv\lib\site-packages (from -r requirements.txt (line 13)) (1.16.3)
Requirement already satisfied: python-json-logger in c:\users\bruno\desktop\coreflowfit\venv\lib\site-packages (from -r requirements.txt (line 14)) (4.0.0)
Requirement already satisfied: alembic in c:\users\bruno\desktop\coreflowfit\venv\lib\site-packages (from -r requirements.txt (line 15)) (1.17.2)
Requirement already satisfied: gunicorn in c:\users\bruno\desktop\coreflowfit\venv\lib\site-packages (from -r requirements.txt (line 16)) (23.0.0)
Requirement already satisfied: pytest in c:\users\bruno\desktop\coreflowfit\venv\lib\site-packages (from -r requirements.txt (line 17)) (9.0.1)
Requirement already satisfied: black in c:\users\bruno\desktop\coreflowfit\venv\lib\site-packages (from -r requirements.txt (line 18)) (25.11.0)
Requirement already satisfied: lightgbm in c:\users\bruno\desktop\coreflowfit\venv\lib\site-packages (from -r requirements.txt (line 19)) (4.6.0)
Requirement already satisfied: optuna in c:\users\bruno\desktop\coreflowfit\venv\lib\site-packages (from -r requirements.txt (line 20)) (4.6.0)
Requirement already satisfied: pandas in c:\users\bruno\desktop\coreflowfit\venv\lib\site-packages (from -r requirements.txt (line 21)) (2.3.3)
Requirement already satisfied: numpy in c:\users\bruno\desktop\coreflowfit\venv\lib\site-packages (from -r requirements.txt (line 22)) (2.3.5)
Requirement already satisfied: joblib in c:\users\bruno\desktop\coreflowfit\venv\lib\site-packages (from -r requirements.txt (line 23)) (1.5.2)
Requirement already satisfied: uvicorn[standard] in c:\users\bruno\desktop\coreflowfit\venv\lib\site-packages (from -r requirements.txt (line 2)) (0.38.0)
Requirement already satisfied: passlib[bcrypt] in c:\users\bruno\desktop\coreflowfit\venv\lib\site-packages (from -r requirements.txt (line 6)) (1.7.4)
Requirement already satisfied: starlette<0.51.0,>=0.40.0 in c:\users\bruno\desktop\coreflowfit\venv\lib\site-packages (from fastapi->-r requirements.txt (line 1)) (0.50.0)
Requirement already satisfied: pydantic!=1.8,!=1.8.1,!=2.0.0,!=2.0.1,!=2.1.0,<3.0.0,>=1.7.4 in c:\users\bruno\desktop\coreflowfit\venv\lib\site-packages (from fastapi->-r requirements.txt (line 1)) (2.12.4)
Requirement already satisfied: annotated-doc>=0.0.2 in c:\users\bruno\desktop\coreflowfit\venv\lib\site-packages (from fastapi->-r requirements.txt (line 1)) (0.0.4)
Requirement already satisfied: annotated-types>=0.6.0 in c:\users\bruno\desktop\coreflowfit\venv\lib\site-packages (from pydantic!=1.8,!=1.8.1,!=2.0.0,!=2.0.1,!=2.1.0,<3.0.0,>=1.7.4->fastapi->-r requirements.txt (line 1)) (0.7.0)
Requirement already satisfied: pydantic-core==2.41.5 in c:\users\bruno\desktop\coreflowfit\venv\lib\site-packages (from pydantic!=1.8,!=1.8.1,!=2.0.0,!=2.0.1,!=2.1.0,<3.0.0,>=1.7.4->fastapi->-r requirements.txt (line 1)) (2.41.5)
Requirement already satisfied: typing-inspection>=0.4.2 in c:\users\bruno\desktop\coreflowfit\venv\lib\site-packages (from pydantic!=1.8,!=1.8.1,!=2.0.0,!=2.0.1,!=2.1.0,<3.0.0,>=1.7.4->fastapi->-r requirements.txt (line 1)) (0.4.2)
Requirement already satisfied: anyio<5,>=3.6.2 in c:\users\bruno\desktop\coreflowfit\venv\lib\site-packages (from starlette<0.51.0,>=0.40.0->fastapi->-r requirements.txt (line 1)) (4.11.0)
Requirement already satisfied: idna>=2.8 in c:\users\bruno\desktop\coreflowfit\venv\lib\site-packages (from anyio<5,>=3.6.2->starlette<0.51.0,>=0.40.0->fastapi->-r requirements.txt (line 1)) (3.11)
Requirement already satisfied: sniffio>=1.1 in c:\users\bruno\desktop\coreflowfit\venv\lib\site-packages (from anyio<5,>=3.6.2->starlette<0.51.0,>=0.40.0->fastapi->-r requirements.txt (line 1)) (1.3.1)
Requirement already satisfied: click>=7.0 in c:\users\bruno\desktop\coreflowfit\venv\lib\site-packages (from uvicorn[standard]->-r requirements.txt (line 2)) (8.3.1)
Requirement already satisfied: h11>=0.8 in c:\users\bruno\desktop\coreflowfit\venv\lib\site-packages (from uvicorn[standard]->-r requirements.txt (line 2)) (0.16.0)
Requirement already satisfied: colorama>=0.4 in c:\users\bruno\desktop\coreflowfit\venv\lib\site-packages (from uvicorn[standard]->-r requirements.txt (line 2)) (0.4.6)
Requirement already satisfied: httptools>=0.6.3 in c:\users\bruno\desktop\coreflowfit\venv\lib\site-packages (from uvicorn[standard]->-r requirements.txt (line 2)) (0.7.1)
Requirement already satisfied: pyyaml>=5.1 in c:\users\bruno\desktop\coreflowfit\venv\lib\site-packages (from uvicorn[standard]->-r requirements.txt (line 2)) (6.0.3)
Requirement already satisfied: watchfiles>=0.13 in c:\users\bruno\desktop\coreflowfit\venv\lib\site-packages (from uvicorn[standard]->-r requirements.txt (line 2)) (1.1.1)
Requirement already satisfied: websockets>=10.4 in c:\users\bruno\desktop\coreflowfit\venv\lib\site-packages (from uvicorn[standard]->-r requirements.txt (line 2)) (15.0.1)
Requirement already satisfied: bcrypt>=3.1.0 in c:\users\bruno\desktop\coreflowfit\venv\lib\site-packages (from passlib[bcrypt]->-r requirements.txt (line 6)) (5.0.0)
Requirement already satisfied: MarkupSafe>=2.0 in c:\users\bruno\desktop\coreflowfit\venv\lib\site-packages (from Jinja2->-r requirements.txt (line 8)) (3.0.3)
Requirement already satisfied: charset_normalizer<4,>=2 in c:\users\bruno\desktop\coreflowfit\venv\lib\site-packages (from requests->-r requirements.txt (line 9)) (3.4.4)
Requirement already satisfied: urllib3<3,>=1.21.1 in c:\users\bruno\desktop\coreflowfit\venv\lib\site-packages (from requests->-r requirements.txt (line 9)) (2.5.0)
Requirement already satisfied: certifi>=2017.4.17 in c:\users\bruno\desktop\coreflowfit\venv\lib\site-packages (from requests->-r requirements.txt (line 9)) (2025.11.12)
Requirement already satisfied: aiohappyeyeballs>=2.5.0 in c:\users\bruno\desktop\coreflowfit\venv\lib\site-packages (from aiohttp->-r requirements.txt (line 10)) (2.6.1)
Requirement already satisfied: aiosignal>=1.4.0 in c:\users\bruno\desktop\coreflowfit\venv\lib\site-packages (from aiohttp->-r requirements.txt (line 10)) (1.4.0)
Requirement already satisfied: attrs>=17.3.0 in c:\users\bruno\desktop\coreflowfit\venv\lib\site-packages (from aiohttp->-r requirements.txt (line 10)) (25.4.0)
Requirement already satisfied: frozenlist>=1.1.1 in c:\users\bruno\desktop\coreflowfit\venv\lib\site-packages (from aiohttp->-r requirements.txt (line 10)) (1.8.0)
Requirement already satisfied: multidict<7.0,>=4.5 in c:\users\bruno\desktop\coreflowfit\venv\lib\site-packages (from aiohttp->-r requirements.txt (line 10)) (6.7.0)
Requirement already satisfied: propcache>=0.2.0 in c:\users\bruno\desktop\coreflowfit\venv\lib\site-packages (from aiohttp->-r requirements.txt (line 10)) (0.4.1)
Requirement already satisfied: yarl<2.0,>=1.17.0 in c:\users\bruno\desktop\coreflowfit\venv\lib\site-packages (from aiohttp->-r requirements.txt (line 10)) (1.22.0)
Requirement already satisfied: threadpoolctl>=3.1.0 in c:\users\bruno\desktop\coreflowfit\venv\lib\site-packages (from scikit-learn->-r requirements.txt (line 12)) (3.6.0)
Requirement already satisfied: SQLAlchemy>=1.4.0 in c:\users\bruno\desktop\coreflowfit\venv\lib\site-packages (from alembic->-r requirements.txt (line 15)) (2.0.44)
Requirement already satisfied: Mako in c:\users\bruno\desktop\coreflowfit\venv\lib\site-packages (from alembic->-r requirements.txt (line 15)) (1.3.10)
Requirement already satisfied: packaging in c:\users\bruno\desktop\coreflowfit\venv\lib\site-packages (from gunicorn->-r requirements.txt (line 16)) (25.0)
Requirement already satisfied: iniconfig>=1.0.1 in c:\users\bruno\desktop\coreflowfit\venv\lib\site-packages (from pytest->-r requirements.txt (line 17)) (2.3.0)
Requirement already satisfied: pluggy<2,>=1.5 in c:\users\bruno\desktop\coreflowfit\venv\lib\site-packages (from pytest->-r requirements.txt (line 17)) (1.6.0)
Requirement already satisfied: pygments>=2.7.2 in c:\users\bruno\desktop\coreflowfit\venv\lib\site-packages (from pytest->-r requirements.txt (line 17)) (2.19.2)
Requirement already satisfied: mypy-extensions>=0.4.3 in c:\users\bruno\desktop\coreflowfit\venv\lib\site-packages (from black->-r requirements.txt (line 18)) (1.1.0)
Requirement already satisfied: pathspec>=0.9.0 in c:\users\bruno\desktop\coreflowfit\venv\lib\site-packages (from black->-r requirements.txt (line 18)) (0.12.1)
Requirement already satisfied: platformdirs>=2 in c:\users\bruno\desktop\coreflowfit\venv\lib\site-packages (from black->-r requirements.txt (line 18)) (4.5.0)
Requirement already satisfied: pytokens>=0.3.0 in c:\users\bruno\desktop\coreflowfit\venv\lib\site-packages (from black->-r requirements.txt (line 18)) (0.3.0)
Requirement already satisfied: colorlog in c:\users\bruno\desktop\coreflowfit\venv\lib\site-packages (from optuna->-r requirements.txt (line 20)) (6.10.1)
Requirement already satisfied: tqdm in c:\users\bruno\desktop\coreflowfit\venv\lib\site-packages (from optuna->-r requirements.txt (line 20)) (4.67.1)
Requirement already satisfied: python-dateutil>=2.8.2 in c:\users\bruno\desktop\coreflowfit\venv\lib\site-packages (from pandas->-r requirements.txt (line 21)) (2.9.0.post0)
Requirement already satisfied: pytz>=2020.1 in c:\users\bruno\desktop\coreflowfit\venv\lib\site-packages (from pandas->-r requirements.txt (line 21)) (2025.2)
Requirement already satisfied: tzdata>=2022.7 in c:\users\bruno\desktop\coreflowfit\venv\lib\site-packages (from pandas->-r requirements.txt (line 21)) (2025.2)
Requirement already satisfied: six>=1.5 in c:\users\bruno\desktop\coreflowfit\venv\lib\site-packages (from python-dateutil>=2.8.2->pandas->-r requirements.txt (line 21)) (1.17.0)
Requirement already satisfied: greenlet>=1 in c:\users\bruno\desktop\coreflowfit\venv\lib\site-packages (from SQLAlchemy>=1.4.0->alembic->-r requirements.txt (line 15)) (3.2.4)
